<?xml version="1.0" encoding="UTF-8"?>
<!-- Generated by org.testng.reporters.JUnitReportReporter -->
<testsuite hostname="Nothing" failures="0" tests="3" name="com.mplatform.framework.utiltests.ExcelOpsTests" time="0.696" errors="0" timestamp="2025-01-14T16:48:52 IST" skipped="0">
  <testcase classname="com.mplatform.framework.utiltests.ExcelOpsTests" name="getDataTest2" time="0.003"/>
  <testcase classname="com.mplatform.framework.utiltests.ExcelOpsTests" name="getDataTest" time="0.691"/>
  <testcase classname="com.mplatform.framework.utiltests.ExcelOpsTests" name="getDataTest3" time="0.002"/>
</testsuite> <!-- com.mplatform.framework.utiltests.ExcelOpsTests -->
