<?xml version="1.0" encoding="UTF-8"?>
<!-- Generated by org.testng.reporters.JUnitReportReporter -->
<testsuite hostname="Nothing" failures="0" tests="1" name="com.mplatform.framework.utiltests.ExcelOpsTests" time="0.715" errors="0" timestamp="2025-01-14T21:19:04 IST" skipped="0">
  <testcase classname="com.mplatform.framework.utiltests.ExcelOpsTests" name="getDataTest" time="0.715"/>
  <system-out/>
</testsuite> <!-- com.mplatform.framework.utiltests.ExcelOpsTests -->
