<?xml version="1.0" encoding="UTF-8"?>
<!-- Generated by org.testng.reporters.JUnitReportReporter -->
<testsuite hostname="Nothing" failures="0" tests="3" name="com.mplatform.framework.pagefactory.webapp.saucedemotests.LoginPageTests" time="0.012" errors="0" timestamp="2025-05-01T10:50:58 IST" skipped="0">
  <testcase classname="com.mplatform.framework.pagefactory.webapp.saucedemotests.LoginPageTests" name="loginTest1" time="0.002"/>
  <testcase classname="com.mplatform.framework.pagefactory.webapp.saucedemotests.LoginPageTests" name="loginTest2" time="0.001"/>
  <testcase classname="com.mplatform.framework.pagefactory.webapp.saucedemotests.LoginPageTests" name="loginTest" time="0.009"/>
</testsuite> <!-- com.mplatform.framework.pagefactory.webapp.saucedemotests.LoginPageTests -->
